2025-10-26 17:23:01(IP=0:0:0:0:0:0:0:1) : [GET] /api/v1/like/1/subscribe -> Status:403 | 67ms
2025-10-26 17:23:23(IP=0:0:0:0:0:0:0:1) : [GET] /api/v1/like/1/subscribe -> Status:403 | 7ms
2025-10-26 17:23:39(IP=0:0:0:0:0:0:0:1) : [POST] /api/v1/auth/login -> Status:200 | 660ms
2025-10-26 17:23:49(IP=0:0:0:0:0:0:0:1) : [GET] /api/v1/subscribe/all -> Status:200 | 23ms
2025-10-26 17:24:02(IP=0:0:0:0:0:0:0:1) : [GET] /api/v1/like/1/subscribe -> Status:200 | 49ms
2025-10-26 17:24:29(IP=0:0:0:0:0:0:0:1) : [POST] /api/v1/auth/signup -> Status:201 | 215ms
2025-10-26 17:24:33(IP=0:0:0:0:0:0:0:1) : [POST] /api/v1/auth/login -> Status:200 | 130ms
2025-10-26 17:24:42(IP=0:0:0:0:0:0:0:1) : [POST] /api/v1/like -> Status:201 | 105ms
2025-10-26 17:28:35(IP=0:0:0:0:0:0:0:1) : [POST] /api/v1/auth/signup -> Status:201 | 180ms
2025-10-26 17:28:40(IP=0:0:0:0:0:0:0:1) : [POST] /api/v1/auth/login -> Status:200 | 149ms
2025-10-26 17:28:52(IP=0:0:0:0:0:0:0:1) : [POST] /api/v1/like -> Status:201 | 72ms
2025-10-26 17:29:45(IP=0:0:0:0:0:0:0:1) : [POST] /api/v1/like -> Status:500 | 108ms
2025-10-26 17:29:52(IP=0:0:0:0:0:0:0:1) : [GET] /api/v1/subscribe/all -> Status:200 | 11ms
2025-10-26 17:30:07(IP=0:0:0:0:0:0:0:1) : [POST] /api/v1/auth/signup -> Status:201 | 144ms
2025-10-26 17:30:12(IP=0:0:0:0:0:0:0:1) : [POST] /api/v1/auth/login -> Status:200 | 140ms
2025-10-26 17:30:52(IP=0:0:0:0:0:0:0:1) : [POST] /api/v1/like -> Status:201 | 135ms
2025-10-26 17:31:07(IP=0:0:0:0:0:0:0:1) : [GET] /api/v1/subscribe/all -> Status:200 | 10ms
2025-10-26 17:32:20(IP=0:0:0:0:0:0:0:1) : [GET] /api/v1/like/1/subscribe -> Status:403 | 19ms
2025-10-26 17:32:47(IP=0:0:0:0:0:0:0:1) : [GET] /api/v1/like/1/subscribe -> Status:403 | 16ms
2025-10-26 17:33:09(IP=0:0:0:0:0:0:0:1) : [GET] /api/v1/like/1/subscribe -> Status:200 | 29ms
2025-10-26 17:55:41(IP=0:0:0:0:0:0:0:1) : [POST] /api/v1/auth/signup -> Status:201 | 289ms
2025-10-26 17:55:47(IP=0:0:0:0:0:0:0:1) : [POST] /api/v1/auth/login -> Status:200 | 518ms
2025-10-26 17:56:06(IP=0:0:0:0:0:0:0:1) : [POST] /api/v1/like -> Status:403 | 56ms
2025-10-26 17:56:27(IP=0:0:0:0:0:0:0:1) : [POST] /api/v1/like -> Status:500 | 55ms
2025-10-26 17:57:02(IP=0:0:0:0:0:0:0:1) : [POST] /api/v1/like -> Status:500 | 44ms
2025-10-26 17:58:33(IP=0:0:0:0:0:0:0:1) : [POST] /api/v1/auth/login -> Status:200 | 257ms
2025-10-26 17:58:47(IP=0:0:0:0:0:0:0:1) : [POST] /api/v1/like -> Status:500 | 15ms
2025-10-26 17:59:06(IP=0:0:0:0:0:0:0:1) : [POST] /api/v1/like -> Status:500 | 20ms
2025-10-26 18:00:42(IP=0:0:0:0:0:0:0:1) : [GET] /api/v1/like/1/subscribe -> Status:200 | 115ms
2025-10-26 18:01:02(IP=0:0:0:0:0:0:0:1) : [POST] /api/v1/like -> Status:500 | 19ms
2025-10-26 18:14:55(IP=0:0:0:0:0:0:0:1) : [POST] /api/v1/like -> Status:500 | 84ms
2025-10-26 18:15:46(IP=0:0:0:0:0:0:0:1) : [POST] /api/v1/like -> Status:500 | 81ms
2025-10-26 18:16:36(IP=0:0:0:0:0:0:0:1) : [POST] /api/v1/auth/signup -> Status:201 | 271ms
2025-10-26 18:16:42(IP=0:0:0:0:0:0:0:1) : [POST] /api/v1/auth/login -> Status:200 | 455ms
2025-10-26 18:17:13(IP=0:0:0:0:0:0:0:1) : [POST] /api/v1/like -> Status:500 | 65ms
2025-10-26 18:19:16(IP=0:0:0:0:0:0:0:1) : [POST] /api/v1/like -> Status:500 | 36ms
2025-10-26 18:20:21(IP=0:0:0:0:0:0:0:1) : [POST] /api/v1/like -> Status:500 | 26ms
2025-10-26 18:23:29(IP=0:0:0:0:0:0:0:1) : [POST] /api/v1/like -> Status:201 | 471ms
2025-10-26 18:24:11(IP=0:0:0:0:0:0:0:1) : [GET] /api/v1/like/1/subscribe -> Status:404 | 75ms
2025-10-26 18:27:10(IP=0:0:0:0:0:0:0:1) : [POST] /api/v1/auth/signup -> Status:201 | 260ms
2025-10-26 18:27:17(IP=0:0:0:0:0:0:0:1) : [POST] /api/v1/auth/login -> Status:200 | 584ms
2025-10-26 18:27:26(IP=0:0:0:0:0:0:0:1) : [GET] /api/v1/like/subscribe/1 -> Status:404 | 3ms
2025-10-26 18:28:27(IP=0:0:0:0:0:0:0:1) : [GET] /api/v1/like/subscribe/1 -> Status:404 | 21ms
2025-10-26 18:28:38(IP=0:0:0:0:0:0:0:1) : [GET] /api/v1/like/subscribe/1 -> Status:404 | 5ms
2025-10-26 18:28:55(IP=0:0:0:0:0:0:0:1) : [GET] /api/v1/like/subscribe/1 -> Status:404 | 4ms
2025-10-26 18:29:15(IP=0:0:0:0:0:0:0:1) : [GET] /api/v1/like/subscribe/1 -> Status:200 | 261ms
2025-10-26 18:29:32(IP=0:0:0:0:0:0:0:1) : [POST] /api/v1/like -> Status:201 | 325ms
